Arguments: 
  C:\Program Files\nodejs\node.exe C:\Program Files (x86)\Yarn\bin\yarn.js build stb stbenv

PATH: 
  C:\Users\srba.miljkovic\bin;C:\Program Files\Git\mingw64\bin;C:\Program Files\Git\usr\local\bin;C:\Program Files\Git\usr\bin;C:\Program Files\Git\usr\bin;C:\Program Files\Git\mingw64\bin;C:\Program Files\Git\usr\bin;C:\Users\srba.miljkovic\bin;C:\Program Files (x86)\Intel\iCLS Client;C:\Program Files\Intel\iCLS Client;C:\WINDOWS\system32;C:\WINDOWS;C:\WINDOWS\System32\Wbem;C:\WINDOWS\System32\WindowsPowerShell\v1.0;C:\Program Files (x86)\Intel\Intel(R) Management Engine Components\DAL;C:\Program Files\Intel\Intel(R) Management Engine Components\DAL;C:\Program Files (x86)\Intel\Intel(R) Management Engine Components\IPT;C:\Program Files\Intel\Intel(R) Management Engine Components\IPT;C:\Program Files\Oracle\VirtualBox;C:\Users\srba.miljkovic\AppData\Local\Programs\Python\Python37-32;C:\Program Files\Git\cmd;C:\Users\srba.miljkovic\AppData\Local\Android\Sdk\platform-tools;C:\Program Files\Java\jdk1.8.0_162\bin;C:\Program Files\Intel\WiFi\bin;C:\Program Files\Common Files\Intel\WirelessCommon;C:\Program Files (x86)\Yarn\bin;C:\Program Files\nodejs;C:\PRGRM\curl-7.59.0_x86_64\src\curl.exe;C:\Users\srba.miljkovic\AppData\Local\Programs\Python\Python37-32\Scripts;C:\Users\srba.miljkovic\AppData\Local\Programs\Python\Python37-32;C:\tizen-studio\tools\ide\bin;C:\Users\srba.miljkovic\AppData\Local\Microsoft\WindowsApps;C:\Users\srba.miljkovic\AppData\Local\atom\bin;C:\Users\srba.miljkovic\AppData\Local\GitHubDesktop\bin;C:\Users\srba.miljkovic\AppData\Local\Yarn\bin;C:\Users\srba.miljkovic\AppData\Roaming\npm;C:\Program Files\Git\usr\bin\vendor_perl;C:\Program Files\Git\usr\bin\core_perl

Yarn version: 
  1.5.1

Node version: 
  9.8.0

Platform: 
  win32 x64

npm manifest: 
  No manifest

yarn manifest: 
  No manifest

Lockfile: 
  No lockfile

Trace: 
  Error: Couldn't find a package.json file in "C:\\Users\\srba.miljkovic\\Desktop\\chameleon-androidtv"
      at new MessageError (C:\Program Files (x86)\Yarn\lib\cli.js:186:110)
      at C:\Program Files (x86)\Yarn\lib\cli.js:40048:15
      at Generator.next (<anonymous>)
      at step (C:\Program Files (x86)\Yarn\lib\cli.js:98:30)
      at C:\Program Files (x86)\Yarn\lib\cli.js:109:13
      at <anonymous>
